<?xml version="1.0" encoding="UTF-8"?>
<testng-results ignored="0" total="1" passed="1" failed="0" skipped="0">
  <reporter-output>
  </reporter-output>
  <suite started-at="2021-05-12T13:25:04Z" name="Default suite" finished-at="2021-05-12T13:25:25Z" duration-ms="21465">
    <groups>
    </groups>
    <test started-at="2021-05-12T13:25:04Z" name="Default test" finished-at="2021-05-12T13:25:25Z" duration-ms="21465">
      <class name="TestNG.TestHandle_IFrames">
        <test-method is-config="true" signature="beforeClass()[pri:0, instance:TestNG.TestHandle_IFrames@77f1baf5]" started-at="2021-05-12T13:25:04Z" name="beforeClass" finished-at="2021-05-12T13:25:09Z" duration-ms="5529" status="PASS">
          <reporter-output>
          </reporter-output>
        </test-method> <!-- beforeClass -->
        <test-method signature="f1()[pri:1, instance:TestNG.TestHandle_IFrames@77f1baf5]" started-at="2021-05-12T13:25:09Z" name="f1" description="handle a lot of iframes" finished-at="2021-05-12T13:25:20Z" duration-ms="10285" status="PASS">
          <reporter-output>
          </reporter-output>
        </test-method> <!-- f1 -->
        <test-method is-config="true" signature="afterClass()[pri:0, instance:TestNG.TestHandle_IFrames@77f1baf5]" started-at="2021-05-12T13:25:20Z" name="afterClass" finished-at="2021-05-12T13:25:25Z" duration-ms="5632" status="PASS">
          <reporter-output>
          </reporter-output>
        </test-method> <!-- afterClass -->
      </class> <!-- TestNG.TestHandle_IFrames -->
    </test> <!-- Default test -->
  </suite> <!-- Default suite -->
</testng-results>
