<?xml version="1.0" encoding="UTF-8"?>
<testng-results ignored="0" total="1" passed="1" failed="0" skipped="0">
  <reporter-output>
  </reporter-output>
  <suite started-at="2021-05-12T09:29:07Z" name="Default suite" finished-at="2021-05-12T09:29:23Z" duration-ms="16422">
    <groups>
    </groups>
    <test started-at="2021-05-12T09:29:07Z" name="Default test" finished-at="2021-05-12T09:29:23Z" duration-ms="16422">
      <class name="TestNG.TestHandleWindows">
        <test-method is-config="true" signature="beforeClass()[pri:0, instance:TestNG.TestHandleWindows@77f1baf5]" started-at="2021-05-12T09:29:07Z" name="beforeClass" finished-at="2021-05-12T09:29:12Z" duration-ms="5386" status="PASS">
          <reporter-output>
          </reporter-output>
        </test-method> <!-- beforeClass -->
        <test-method signature="f()[pri:0, instance:TestNG.TestHandleWindows@77f1baf5]" started-at="2021-05-12T09:29:12Z" name="f" finished-at="2021-05-12T09:29:17Z" duration-ms="5375" status="PASS">
          <reporter-output>
          </reporter-output>
        </test-method> <!-- f -->
        <test-method is-config="true" signature="afterClass()[pri:0, instance:TestNG.TestHandleWindows@77f1baf5]" started-at="2021-05-12T09:29:17Z" name="afterClass" finished-at="2021-05-12T09:29:23Z" duration-ms="5645" status="PASS">
          <reporter-output>
          </reporter-output>
        </test-method> <!-- afterClass -->
      </class> <!-- TestNG.TestHandleWindows -->
    </test> <!-- Default test -->
  </suite> <!-- Default suite -->
</testng-results>
